* using log directory 'C:/Users/infppro/Dropbox/OBIS/robis/..Rcheck'
* using R version 3.1.1 (2014-07-10)
* using platform: x86_64-w64-mingw32 (64-bit)
* using session charset: ISO8859-1
* checking for file './DESCRIPTION' ... OK
* checking extension type ... Package
* this is package 'robis' version '1.0'
* checking package namespace information ... OK
* checking package dependencies ... NOTE
Depends: includes the non-default packages:
  'httr' 'ggplot2' 'maps' 'plyr' 'XML' 'rgeos'
Adding so many packages to the search path is excessive and importing
selectively is preferable.
* checking if this is a source package ... OK
* checking if there is a namespace ... OK
* checking for executable files ... WARNING
Found the following executable files:
  .git/objects/00/e9cf63d7a5a8cc9b2aa03de65af294c00e727b
  .git/objects/03/f26e82a61cee97303a348f850cf5095d627e5b
  .git/objects/05/169369729e1a572ce82290e1dad8b43cdaa5a8
  .git/objects/05/dd6d1262be2f9d44115ca43e316c9bdc751c79
  .git/objects/06/6b59a3db90746bb6e17a2c5bb40ad7ef604ad8
  .git/objects/06/a8bd20b5a468cc8aff005a723fdba81913012a
  .git/objects/07/fce10c2050629e7c4fdd404989ace550119322
  .git/objects/0c/7eaa0f9e657530721c920e73e3d0e68285dee7
  .git/objects/0c/93b9a500334e1eb16cdc58b221015bbffe1e8f
  .git/objects/0c/bf233b5bcab27b966734d277ff4ae083d7ee43
  .git/objects/0e/55f6c389703d79ca971399d215b8435db3edda
  .git/objects/0f/1b7a802e9de7bdc4209dd9ed8e1555a41d4baf
  .git/objects/13/3b9f739c554c7d7d62a447c76e2dbb4ca924e0
  .git/objects/14/8f8d71c5400c5b4bb96819ab2493bab0632e2d
  .git/objects/14/95138e74e308fa6abe49c491d49ab6c8110da2
  .git/objects/16/7a1547256da10c047d2e0273f8843411126028
  .git/objects/17/3c93b91692606412346d69973f20d8c0f75593
  .git/objects/18/cbd3300922c57ef1c6366cff9a6cb469e37d8e
  .git/objects/1b/9a946f202bdba346758bb93bdfa4b21bb59c61
  .git/objects/1b/ab50e0eb81399a6f62e3dd27c1753d406142d5
  .git/objects/1c/a143c64de7f50b6710986baf7f6f11521e3073
  .git/objects/1e/d0e3372bf091c47b9d997ded8d557362731357
  .git/objects/20/9ee15cd8e95c7a813cd4cf705878fd0987f535
  .git/objects/23/97649fce5bba481c9370b766dddcafa3cb0a07
  .git/objects/24/515f1d46f2b9643175768e5ac373e9852a516e
  .git/objects/25/304304e2e92cfdd58f0f43289a2e6a6b169343
  .git/objects/28/c3dfc658b6a37c453eac362ed41b33e5570639
  .git/objects/28/f934eb623519d1208e40608d679d7750aa91c9
  .git/objects/29/2ec4363a8aa06334727dd731504f399b5f0a39
  .git/objects/2d/509069da1ebd7388bebeb8f6b0d6d1f87a9706
  .git/objects/2f/e1e63ee1faf3f4a4905fc7ad9d13deabd97c0d
  .git/objects/30/0350cf2206fa8bcf71b95a14377f9ad3223639
  .git/objects/31/431df679a682465c76331ac5e8a44c14ae93c3
  .git/objects/31/4fce5d3a9a7cf0b96be32f514b5d01e1386f60
  .git/objects/32/44d9cdac566bed682bcc94bbf2071cc7e75b94
  .git/objects/33/72a0d62f094259601efb2ff541cdee760bb344
  .git/objects/34/7f937a0b81d8d1a034ad40f9d21ed30c2c8921
  .git/objects/34/f66028f2783f5c58b71be5c7143498ebf334da
  .git/objects/37/9df5e9ceb5f86dd18f443e4b11b7271854ccee
  .git/objects/39/7651635063c864eff7f7d80f64b8241a502fdc
  .git/objects/39/8279795af47ab7d2f235271da6398a56cc2439
  .git/objects/39/f3714b09dfe1e1891490fafdf38fb72ff87a40
  .git/objects/3a/0e6fcec4cf8407986f310f7b76e5e04cdb0b10
  .git/objects/3a/66e9397b98a65c4708b3900909defc884e7f94
  .git/objects/3b/c52707d495df5288225578e89e5e96fa7812a2
  .git/objects/3c/46fb2c190ac13bf9bac72fd61b2bd482c1a3e3
  .git/objects/3c/9a1f81350b27c69b012307331e092e3135e25a
  .git/objects/3c/bb211df788acf3d1015e1b200f78a2a1fd0d8e
  .git/objects/3e/57b25af31642bd42fc69ef62cf3d4bc6544179
  .git/objects/40/28b6e48bcdcf1b02e170dc7f174916060a90da
  .git/objects/41/438518de4ce0acc17996453eb7524a6d33aba5
  .git/objects/42/38b3ab8e64d276bca5f5afe64edb97aa789a19
  .git/objects/42/3af45283da29c6c514b8ce57fa1a1a16d73bab
  .git/objects/43/237c555b8648f2938d08b338478e7af17b031c
  .git/objects/43/98968a1b70472496bb3e9d624c6bc85cccdf03
  .git/objects/43/9dbf6075258c02db22b51e6c9e38e3d3ec951d
  .git/objects/46/86b272ca6c8df0893dbb64d7cb154577c952bd
  .git/objects/47/0b1b6570ed4ac43106e279d5ce99837cf8c357
  .git/objects/47/2eb05677c87db06ea0f9053848bf3e18f7b8b9
  .git/objects/47/83de0e3aef07247b22f08c95b6ab17bdc04000
  .git/objects/4a/1e2e8fb3b218896023a9f3589aa1d7a43362d9
  .git/objects/4a/7a9e576714068c08667861fcf5e23c17c907f4
  .git/objects/4b/a54e5cd38b31b8f8cc2d54707f6dfd6f5ede23
  .git/objects/4b/c8f646ad0b9ef0f5c1c026312381cffd4c9ca4
  .git/objects/4c/985603995e10cbe1ab44c125ff722f21fa868b
  .git/objects/4c/9ccdc5c99f89b06714bb89310fe3e8742b5afb
  .git/objects/4d/bb280c2b21381f3f8111c950b1907f29937d36
  .git/objects/4d/ccb95b460cd7e77749229ffd8c36d2621b163b
  .git/objects/4e/5b91e94c79afb2482d9aa52953154132dc04b8
  .git/objects/4e/635b2c8fe4d0b27bc4498cfc66acf22281b6d8
  .git/objects/4e/e3f8fd553ca6fd6fd0e51824a66e51be16f48d
  .git/objects/4f/1e3ed0fe631d18c2945f5b73ff4c1cb5aca638
  .git/objects/4f/4e3f619cff2522b498430d09016a47929183d7
  .git/objects/50/08ddfcf53c02e82d7eee2e57c38e5672ef89f6
  .git/objects/50/0f34755d54427f7d3126ca46f93adb1a1955fd
  .git/objects/50/688fbf61320474ae69db67c658f2a67411055a
  .git/objects/50/b62d7578ea107328264db577de4493ec60d881
  .git/objects/50/cf3f0c9294374ef97689fb92d36388b1f6db30
  .git/objects/51/060db4af907d3e2a2bf843610d1f94cfa25b44
  .git/objects/53/25f200785a67e9bc2971d3b7be5c69030e16d4
  .git/objects/55/d77c54d49f6276dd1386d3619244c1dd8bd7c0
  .git/objects/57/aeac4c305cb58fe0826add9af44827aae76a2c
  .git/objects/57/dbadf021383f7b416d775ebfa30f0363529aa7
  .git/objects/59/212abd994ca489daf3f6e9012828aee4a92aca
  .git/objects/59/3e3cc9054879fa3bc122584230103705a09178
  .git/objects/5a/c425dc3e23670e6ffbf37a7f7932a86f9a2215
  .git/objects/5b/30cae3eb37f7a0c7db5d140b0121d6025a1bc8
  .git/objects/5c/16e152619b715c836309ef2caf7125c271bcdc
  .git/objects/5d/01d2fa9c86b05ce03640650bcbbe3e8a253c39
  .git/objects/5d/0d754c4c6946ac15870f24a3bd36ba59d8e7cb
  .git/objects/5d/541072e2875dff2ed7b75bf3217744d02840b0
  .git/objects/5e/3c5d8846374f166f2381ec10279d58223ee11a
  .git/objects/5e/59dbd2b50afe7dcef91524d8634a3372543102
  .git/objects/5e/e3b1ddc0abdfcc051a424fe68de17151c88db3
  .git/objects/5f/3d86640395c1199d15af4bfa5999da48aabae0
  .git/objects/5f/7311d476f8aa89c280f1ff84620d7a42b5fe87
  .git/objects/5f/bc9de1837c52dc483160ebc6873913dcc0cb97
  .git/objects/60/5fa1103ad0acd1951b9d0df1a46fcddc8bca9d
  .git/objects/60/840dd2588679eca2f14754c8fb199ec34924dd
  .git/objects/62/06b9ee6e02c2d65455f5267597e98fb1581f17
  .git/objects/62/6a5b800ef81d6ff45387914fbf8b44e6b9441c
  .git/objects/63/7be245046bfe995b7722151e7156e71ba37576
  .git/objects/63/b3bbc8e5ae91fdec6997d2647d7798d5354532
  .git/objects/64/77b52113a5ac6aacc6e3438b2712df307415b1
  .git/objects/67/79e93dff3f2cac59fd4a331321edd796fcf1c7
  .git/objects/67/7a2bb86d9e0c4e0be982954332ce1fb1d22003
  .git/objects/68/7146e505f1f1a0071ecad9be0319184e562465
  .git/objects/69/642b826f8701fdb8f6fa5d461bba6c9141d5ec
  .git/objects/6c/39d3f3fe586a64c60e1ddbb383882aa41e5a80
  .git/objects/6d/f912d9bc7503e72a7ceba928604623cf540099
  .git/objects/6f/81a190880efef40d529b4bb6522714dc2c1a07
  .git/objects/70/81ef91364e1baf69e1d4fe13f358827117be36
  .git/objects/71/d3600ef57d85d35aafc2d6aace35cb8d6d99f2
  .git/objects/71/e3a8f14b4833a4d01ecb947ebee2349d857886
  .git/objects/71/f16cc6086f12bf0a016d170df733389b298127
  .git/objects/73/fa1e2cea9ae1f5b35a7219791086ff29129c53
  .git/objects/74/5ceb4dac35ca4c40941d4da4be059621e9727d
  .git/objects/74/cc897205cbd6ec41ced8e3023bf7344b289164
  .git/objects/75/1a2938b2627d9ce2775584f46cf0cfeb0a4a55
  .git/objects/75/ceaf7414f55f22a87990d848d76dc1decd5c0b
  .git/objects/78/1e823c727e6f5ac82e3ebf67b686884e845b04
  .git/objects/78/5dda22dc4c53a5d78a19a1ebe46a1fe80de62b
  .git/objects/7a/a46ce86fb263814af8dc803ea192f0cd47540b
  .git/objects/7a/fc2a01bf2df95d45d9e08bd563b1292a99ca79
  .git/objects/7b/baeeccae5a33bb392083e8c7f373718507ac3e
  .git/objects/7e/37515cb20715ebde2ddf0e2f2330ed14753030
  .git/objects/7e/9f915b51b56faee2c0cfe9fd5d96c16fde2359
  .git/objects/80/da8e341faec291807f8ebdc451d39930526528
  .git/objects/80/dabcbd75d24526304aca30548f8182113d34a9
  .git/objects/80/e8840cddc783879ca457912953d1adc578c0f4
  .git/objects/83/1e18740719a6487bd01bdc8493adf30b67994f
  .git/objects/84/0628dec1b3fd2a1e5ab87ffae04e25dd69a41f
  .git/objects/84/45585fbdc736df80ffcc6efa8986106d20af34
  .git/objects/85/6202ccdd8e86ead7208ed2c94956121b75d994
  .git/objects/86/075180590bf7a6594ef4fb1d5b4048799211ce
  .git/objects/87/7ae37efda89c75724776f55422fd9ebbba3ca8
  .git/objects/88/5d3d5c5b6e11576691942bd917feda4d177948
  .git/objects/88/e854898133f71dc552e9c2f35f40386253031c
  .git/objects/8a/562d4ad76f78f485a66a491092c99f82050a7c
  .git/objects/8a/ef79ea1e73142b99f2900d7facd525ac0ceef4
  .git/objects/8c/5021ea9e8e0843143de3784a7131dbe9d771f9
  .git/objects/8d/38211346356e5c97d153772b063124bda4b2e8
  .git/objects/90/1356109262410d510cb968a25360355802c8d5
  .git/objects/91/114bf2f2bba5e0c5252e75018da19b869776f1
  .git/objects/91/8743140d2178849f6ffaafffcbb0309ba7ac9a
  .git/objects/91/fbaa2b8fdbc75530998a65fa4cb5052a4d2cdc
  .git/objects/92/7545d3e82d75bf73f3418cf1141c10f851fc12
  .git/objects/94/bc441cddcea8038e2ab51118bc81928531c55d
  .git/objects/95/a0d83c4a29a07d991632b2efee28cca1fffc51
  .git/objects/97/03dcb0d579fec7d3a4c596ed8fef3b9a9fa682
  .git/objects/97/6209d323f5223b7f75f4bd985e1adbf0d5cc27
  .git/objects/97/e9d867e509af21a4a9cdc5af01f8a39ca9fdd2
  .git/objects/99/43c739b5c3d624a2c98a108b318cc19656c0e9
  .git/objects/99/f497176c2aa4207ff7fd37d78d7f53c8e8b8c2
  .git/objects/9a/c703f2807e94bd777813ea453a8b9dc8083899
  .git/objects/9b/bd82914c1bf386aeed7f4c5915e2e8c9fa7623
  .git/objects/9c/6a64a1f56394606f13ff0b04925c56209087b9
  .git/objects/9c/fb4d827018de46978f1455c358a08a55405a38
  .git/objects/9d/a7c7661fcccfcc431375e21e4b914226ba9b0f
  .git/objects/a0/9de9ce427509ac52e51ece7d1363139d03c335
  .git/objects/a1/28b0763a21836098f3ad3e21b66f071f809f0a
  .git/objects/a2/9e3053824f8673d2f1c69f42ab51d8716fbccd
  .git/objects/a3/fe85088803514ced15df28e7cd02e21ab65af4
  .git/objects/a4/0c283b8d7fe7556a8ec1c2501981098176439c
  .git/objects/a4/f61374a2599ab56e024b55cbf95a585a0bc233
  .git/objects/a5/a4da3b2ce823fa8a4f7dc787dbe78ab4871017
  .git/objects/a6/e592cf20cbcabd5c4be7383aa92cd8b21d282c
  .git/objects/a8/926ce23c596ec48283d4158fadc986eb093f49
  .git/objects/a9/7b32c0634b19115becae80982183a1b7b5e535
  .git/objects/a9/dd0b55b940778db66d9afd9036272736f71517
  .git/objects/a9/fd53b784805fe9f59b6e62c7cc6c8e9a9d9d6d
  .git/objects/ac/4bbaa521228a38cb143efd68d75650ee5b2d85
  .git/objects/ac/96f15e6a0feb39ae4f101f26cea9b19cc7e62f
  .git/objects/ad/117b2d1addc7f938f3fb1474b3358a046f23cb
  .git/objects/ae/16b9736349416bda11b9f9190d48689c0448ed
  .git/objects/af/7b172120a4fd0c91d6a2a854aea837a0e61595
  .git/objects/af/b1b16a20ac2b94a711279f33bcbfeeec05ac79
  .git/objects/b0/3cbef8f2e051415778e76ed5a191fec03eada0
  .git/objects/b0/94f988a140cf518b26bcd6a5ca29aa2f8f3aa6
  .git/objects/b3/3a93a4727db69592e83e0fd5f265750d03a8db
  .git/objects/b3/e41a50951088c6726c01d569e88031b3a4ab1c
  .git/objects/b6/78fe3dd2c2540cc42facb0d86c083ee465e364
  .git/objects/b7/392116315fd788a123228fe2dad2daadc2f25b
  .git/objects/b7/42c9fbd2d0260888de52211cb3389a1f17f2b7
  .git/objects/b9/e0f109162d0dcbab9b21e160d7a1cf9fd87c50
  .git/objects/ba/0afb5e76a44fa21364784c5632933ca495eac3
  .git/objects/bc/758952662ab2ef4c45292e6004fd3b793c6910
  .git/objects/bc/ae2b7da6254393857fd70f5d0673fcfdb291fa
  .git/objects/bc/bb6f4535f43db45421d1a6a19eff10e216876b
  .git/objects/bd/92651240f124978e92ed2e6ba480d38e54b9a5
  .git/objects/bf/0ee9af47a352f024bc47acb5018ba797bdb152
  .git/objects/bf/b709d92243b953184c20ae59ff63e3592d6977
  .git/objects/c1/7960e0fb76f69cf4225a250169ea7c63f5b251
  .git/objects/c1/8f5b67ac1967795bf6796a485a20a75b50a1af
  .git/objects/c4/f71405fbf215be9b198bfcc75dc591319a2bb7
  .git/objects/c5/ce3e153c78c7da8979fa2b1e476393da4ed913
  .git/objects/c6/7491fa4c9c3ad2f8242747033670176bc8ab02
  .git/objects/c6/c5619a25f04c6598e1fb25c24d452a82c09079
  .git/objects/c7/e6e17c76aade68fefe1608fb73ae45c85659b0
  .git/objects/c8/378830d4cfaf65cbf90bdc66eb291bb7912585
  .git/objects/c9/43ee9c219acbab534736bd2c7da06db1f2ff4b
  .git/objects/cb/3d256a325235682ad76bf1124925c4867b6736
  .git/objects/cb/883e248a98117c20e00a855691f95c99a1fce2
  .git/objects/ce/3e276d32818e5d65bacfddd05f88dba8dc14d2
  .git/objects/ce/b737e440156ab1b2d086d195ed57696b7e2103
  .git/objects/ce/cedcbcb53dda73b0f577cce40c296a15c8973d
  .git/objects/d0/1b455070943adbcb6b921e1b6f29a94d3b16a5
  .git/objects/d0/8f581b0b836c17f380ddb0bbb256d180d764c2
  .git/objects/d1/1c6e6b4c08cbb8680cbf8e21dcaf3e64760b29
  .git/objects/d1/3039bb8e6770368ef9e1be935558de0e8b5b48
  .git/objects/d2/05fef570c43dee257d0b60e7f43ad25ef293aa
  .git/objects/d6/2b6cc944bae865fba3583a03390d4a60159f4a
  .git/objects/d7/5d1933a8d9c0125beafaae4e32eed5857e8c16
  .git/objects/d7/5f824ec6278db24891505b14ab3d915514dba7
  .git/objects/da/03d72cb66537019d43ed79117f91884ea4de9f
  .git/objects/db/d66083b77d6b5821660060442c6b01e4057040
  .git/objects/dc/4597d217c505086864efe2bad3f7ee3cd7e6b3
  .git/objects/dd/7f7474ab1d798670e1a2315b35f185bee1e527
  .git/objects/e0/eec73f582b4bd373eb2285094ff740140f2034
  .git/objects/e1/aac349f6f7966c847039b80543812d665a5357
  .git/objects/e5/a62fc686cdf077ce8c525aa16b61e3e7c0bd5f
  .git/objects/e6/9de29bb2d1d6434b8b29ae775ad8c2e48c5391
  .git/objects/e7/6a850557688f969c9f5d29247667c259893121
  .git/objects/ea/6f74a18424a42d0f1bc2488bf99cf7acf21fbe
  .git/objects/ea/83d975e42e03078c46c45072f042cdcc49badf
  .git/objects/eb/e9e25ed98d1fee3a97b6404da0342c0cfbf3b6
  .git/objects/ec/feb477ba5c05dc0cae04f935eeb2523b2c1aa0
  .git/objects/ed/7b940eb055bb2c02a7a20e1944140a3546d3a9
  .git/objects/ee/114c669d213f688ef4a5087a6180bd0899861b
  .git/objects/ef/4e38061d68146517d4dde6e20da9f32973d260
  .git/objects/f0/1ad41b181ff431256ee4d2e9312a10d637ae76
  .git/objects/f0/6cb1a6507cee234ad63c1f322e67856944c266
  .git/objects/f0/de69c149aaa0cf5c8cc401aa30686f4b322511
  .git/objects/f1/28747a393d85a0280372d0c6261a372fb2b2bc
  .git/objects/f1/37c325a12fceaa8599264e77816f2c8272b5d3
  .git/objects/f1/c11f2731732f3d8a4e16e18d3bb79c980c300e
  .git/objects/f2/1b1cfb1d6e116b7318da752f8692d7ff0e41ba
  .git/objects/f2/973b0b0f4db7a405f3b12fe6533cd89b21dda4
  .git/objects/f3/504b415d6529449793e5ab72d94460fd2950ef
  .git/objects/f3/fbfc1bef62bf6e9bb3e96cfbf2ab90750ba8b8
  .git/objects/f5/36aebb11b80e2a6511432f8f0b21071f65303e
  .git/objects/f6/c9a4acb3f328e642327821714d4802e8f425cd
  .git/objects/f7/41caf8f4028f051729a51fd1ed4491740eac58
  .git/objects/f8/23e8670030c20f58192716273b6202c29fd208
  .git/objects/fa/ec907da4aacb6eb72661e28d945cd52767523e
  .git/objects/fb/29dcd4d811ab51ca6b5d1697e80578576f6221
  .git/objects/fc/14e0489d196c010dac96760303d564c8a1ab7f
  .git/objects/fc/a016cc4a7f399b901389459a0987c342198b21
  .git/objects/fd/a3288c659ae4df32f2f10c69c7e9928a61ad97
  .git/objects/fe/11041028f281249991290fcd165ec30fefdc77
  .git/objects/ff/d937bdf5ddc283ce94c3aacb720ebecdf7dd8b
Source packages should not contain undeclared executable files.
See section 'Package structure' in the 'Writing R Extensions' manual.
* checking for hidden files and directories ... NOTE
Found the following hidden files and directories:
  .Rhistory
  .gitignore
  ..Rcheck
  .Rproj.user
  .git
These were most likely included in error. See section 'Package
structure' in the 'Writing R Extensions' manual.
* checking for portable file names ... OK
* checking whether package 'robis' can be installed ... WARNING
Found the following significant warnings:
  Warning: package 'ggplot2' was built under R version 3.1.2
  Warning: package 'maps' was built under R version 3.1.2
  Warning: package 'XML' was built under R version 3.1.2
  Warning: package 'rgeos' was built under R version 3.1.2
  Warning: C:/Users/infppro/Dropbox/OBIS/robis/man/robis-package.Rd:32: All text must be in a section
See 'C:/Users/infppro/Dropbox/OBIS/robis/..Rcheck/00install.out' for details.
* checking installed package size ... OK
* checking package directory ... OK
* checking DESCRIPTION meta-information ... NOTE
License components which are templates and need '+ file LICENSE':
  MIT
* checking top-level files ... OK
* checking for left-over files ... OK
* checking index information ... OK
* checking package subdirectories ... WARNING
Found the following directory with the name of a check directory:
  ./..Rcheck
Most likely, these were included erroneously.
* checking R files for non-ASCII characters ... OK
* checking R files for syntax errors ... OK
* checking whether the package can be loaded ... OK
* checking whether the package can be loaded with stated dependencies ... OK
* checking whether the package can be unloaded cleanly ... OK
* checking whether the namespace can be loaded with stated dependencies ... OK
* checking whether the namespace can be unloaded cleanly ... OK
* checking loading without being on the library search path ... OK
* checking dependencies in R code ... NOTE
Packages in Depends field not imported from:
  'XML' 'ggplot2' 'httr' 'maps' 'plyr' 'rgeos'
  These packages need to be imported from (in the NAMESPACE file)
  for when this namespace is loaded but not attached.
See the information on DESCRIPTION files in the chapter 'Creating R
packages' of the 'Writing R Extensions' manual.
* checking S3 generic/method consistency ... OK
* checking replacement functions ... OK
* checking foreign function calls ... OK
* checking R code for possible problems ... NOTE
map_distribution: no visible binding for global variable 'long'
map_distribution: no visible binding for global variable 'lat'
map_distribution: no visible binding for global variable 'group'
map_distribution: no visible binding for global variable 'bin'
map_occurrences: no visible binding for global variable 'long'
map_occurrences: no visible binding for global variable 'lat'
map_occurrences: no visible binding for global variable 'group'
map_summaries: no visible binding for global variable 'long'
map_summaries: no visible binding for global variable 'lat'
map_summaries: no visible binding for global variable 'group'
map_summaries: no visible binding for global variable 'bin'
* checking Rd files ... WARNING
prepare_Rd: robis-package.Rd:32: All text must be in a section
* checking Rd metadata ... OK
* checking Rd cross-references ... WARNING
Unknown package '<pkg>' in Rd xrefs
* checking for missing documentation entries ... WARNING
Undocumented code objects:
  'aphia_url' 'get_aphiaid' 'get_distribution' 'get_hexsummaries'
  'get_occurrences' 'get_summaries' 'map_distribution'
  'map_occurrences' 'map_summaries' 'obis_request' 'wfs_url' 'wms_url'
All user-level objects in a package should have documentation entries.
See the chapter 'Writing R documentation files' in the 'Writing R
Extensions' manual.
* checking for code/documentation mismatches ... OK
* checking Rd \usage sections ... OK
* checking Rd contents ... OK
* checking for unstated dependencies in examples ... WARNING
Warning: parse error in file 'robis-Ex.R':
21:11: unexpected symbol
20: 
21: ~~ simple examples
              ^
* checking examples ... ERROR
Running examples in 'robis-Ex.R' failed
The error most likely occurred in:

> ### Name: robis-package
> ### Title: What the package does (short line) ~~ package title ~~
> ### Aliases: robis-package robis
> ### Keywords: package
> 
> ### ** Examples
> 
> ~~ simple examples of the most important functions ~~
Error: unexpected symbol in "~~ simple examples"
Execution halted
